<?xml version="1.0" encoding="UTF-8"?>
<!-- Generated by org.testng.reporters.JUnitReportReporter -->
<testsuite hostname="Khaled-Laptop" failures="0" tests="1" name="APITests.GetAndPostTest" time="3.895" errors="0" timestamp="2024-09-20T00:51:50 IST" skipped="0">
  <testcase classname="APITests.GetAndPostTest" name="testPost" time="3.895"/>
</testsuite> <!-- APITests.GetAndPostTest -->
