<?xml version="1.0" encoding="UTF-8"?>
<!-- Generated by org.testng.reporters.JUnitReportReporter -->
<testsuite hostname="Khaled-Laptop" failures="0" tests="2" name="APITests.TestExample1" time="3.182" errors="0" timestamp="2024-09-20T00:12:19 IST" skipped="0">
  <testcase classname="APITests.TestExample1" name="test2" time="1.111"/>
  <testcase classname="APITests.TestExample1" name="test" time="2.071"/>
</testsuite> <!-- APITests.TestExample1 -->
